#
# There is insufficient memory for the Java Runtime Environment to continue.
# Native memory allocation (mmap) failed to map 65011712 bytes for G1 virtual space
# Possible reasons:
#   The system is out of physical RAM or swap space
#   The process is running with CompressedOops enabled, and the Java Heap may be blocking the growth of the native heap
# Possible solutions:
#   Reduce memory load on the system
#   Increase physical memory or swap space
#   Check if swap backing store is full
#   Decrease Java heap size (-Xmx/-Xms)
#   Decrease number of Java threads
#   Decrease Java thread stack sizes (-Xss)
#   Set larger code cache with -XX:ReservedCodeCacheSize=
#   JVM is running with Unscaled Compressed Oops mode in which the Java heap is
#     placed in the first 4GB address space. The Java Heap base address is the
#     maximum limit for the native heap growth. Please use -XX:HeapBaseMinAddress
#     to set the Java Heap base and to place the Java Heap above 4GB virtual address.
# This output file may be truncated or incomplete.
#
#  Out of Memory Error (os_windows.cpp:3550), pid=2528, tid=9764
#
# JRE version:  (17.0.8+9) (build )
# Java VM: Java HotSpot(TM) 64-Bit Server VM (17.0.8+9-LTS-211, mixed mode, sharing, tiered, compressed oops, compressed class ptrs, g1 gc, windows-amd64)
# No core dump will be written. Minidumps are not enabled by default on client versions of Windows
#

---------------  S U M M A R Y ------------

Command Line: -Dfile.encoding=UTF-8 --module-path=C:\Users\matts\OneDrive\Documentos\Meus estudos\Faculdade\4° Período\Algoritmo e Estrutura de Dados 2\1° Unidade\Pratica\ArvoreAVL\bin -XX:+ShowCodeDetailsInExceptionMessages -Djdk.module.main=ArvoreAVL ArvoreAVL/testes.TesteIterativo

Host: Intel(R) Celeron(R) CPU 4205U @ 1.80GHz, 2 cores, 3G,  Windows 10 , 64 bit Build 19041 (10.0.19041.3393)
Time: Mon Oct  9 18:40:26 2023 Hora oficial do Brasil elapsed time: 0.066983 seconds (0d 0h 0m 0s)

---------------  T H R E A D  ---------------

Current thread (0x0000026d8eceb3a0):  JavaThread "Unknown thread" [_thread_in_vm, id=9764, stack(0x000000ceefc00000,0x000000ceefd00000)]

Stack: [0x000000ceefc00000,0x000000ceefd00000]
Native frames: (J=compiled Java code, j=interpreted, Vv=VM code, C=native code)
V  [jvm.dll+0x677d0a]
V  [jvm.dll+0x7d8c54]
V  [jvm.dll+0x7da3fe]
V  [jvm.dll+0x7daa63]
V  [jvm.dll+0x245c5f]
V  [jvm.dll+0x674bb9]
V  [jvm.dll+0x6694f2]
V  [jvm.dll+0x3031d6]
V  [jvm.dll+0x30a756]
V  [jvm.dll+0x359f9e]
V  [jvm.dll+0x35a1cf]
V  [jvm.dll+0x2da3e8]
V  [jvm.dll+0x2db354]
V  [jvm.dll+0x7aa711]
V  [jvm.dll+0x367b51]
V  [jvm.dll+0x789979]
V  [jvm.dll+0x3eb05f]
V  [jvm.dll+0x3ecae1]
C  [jli.dll+0x5297]
C  [ucrtbase.dll+0x21bb2]
C  [KERNEL32.DLL+0x17344]
C  [ntdll.dll+0x526b1]


---------------  P R O C E S S  ---------------

Threads class SMR info:
_java_thread_list=0x00007ffaf1d359d8, length=0, elements={
}

Java Threads: ( => current thread )

Other Threads:
  0x0000026d90da5f80 GCTaskThread "GC Thread#0" [stack: 0x000000ceefd00000,0x000000ceefe00000] [id=9592]
  0x0000026d90daea00 ConcurrentGCThread "G1 Main Marker" [stack: 0x000000ceefe00000,0x000000ceeff00000] [id=2860]
  0x0000026d90daf410 ConcurrentGCThread "G1 Conc#0" [stack: 0x000000ceeff00000,0x000000cef0000000] [id=9060]

[error occurred during error reporting (printing all threads), id 0xc0000005, EXCEPTION_ACCESS_VIOLATION (0xc0000005) at pc=0x00007ffaf156b047]

VM state: not at safepoint (not fully initialized)

VM Mutex/Monitor currently owned by a thread:  ([mutex/lock_event])
[0x0000026d90d6a290] Heap_lock - owner thread: 0x0000026d8eceb3a0

Heap address: 0x00000000c2600000, size: 986 MB, Compressed Oops mode: 32-bit

CDS archive(s) mapped at: [0x0000000000000000-0x0000000000000000-0x0000000000000000), size 0, SharedBaseAddress: 0x0000000800000000, ArchiveRelocationMode: 1.
Narrow klass base: 0x0000000000000000, Narrow klass shift: 0, Narrow klass range: 0x0

GC Precious Log:
<Empty>

Heap:
 garbage-first heap   total 0K, used 0K [0x00000000c2600000, 0x0000000100000000)
  region size 1024K, 0 young (0K), 0 survivors (0K)

[error occurred during error reporting (printing heap information), id 0xc0000005, EXCEPTION_ACCESS_VIOLATION (0xc0000005) at pc=0x00007ffaf1951499]

GC Heap History (0 events):
No events

Deoptimization events (0 events):
No events

Classes unloaded (0 events):
No events

Classes redefined (0 events):
No events

Internal exceptions (0 events):
No events

VM Operations (0 events):
No events

Events (1 events):
Event: 0.026 Loaded shared library C:\Program Files\Java\jdk-17\bin\java.dll


Dynamic libraries:
0x00007ff6e5140000 - 0x00007ff6e5150000 	C:\Program Files\Java\jdk-17\bin\javaw.exe
0x00007ffb3bcd0000 - 0x00007ffb3bec8000 	C:\Windows\SYSTEM32\ntdll.dll
0x00007ffb3a0b0000 - 0x00007ffb3a16d000 	C:\Windows\System32\KERNEL32.DLL
0x00007ffb394e0000 - 0x00007ffb397d6000 	C:\Windows\System32\KERNELBASE.dll
0x00007ffb393b0000 - 0x00007ffb394b0000 	C:\Windows\System32\ucrtbase.dll
0x00007ffb34970000 - 0x00007ffb34989000 	C:\Program Files\Java\jdk-17\bin\jli.dll
0x00007ffb3a440000 - 0x00007ffb3a4ee000 	C:\Windows\System32\ADVAPI32.dll
0x00007ffb3a2d0000 - 0x00007ffb3a36e000 	C:\Windows\System32\msvcrt.dll
0x00007ffb3b9c0000 - 0x00007ffb3ba5c000 	C:\Windows\System32\sechost.dll
0x00007ffb324a0000 - 0x00007ffb324bb000 	C:\Program Files\Java\jdk-17\bin\VCRUNTIME140.dll
0x00007ffb3af30000 - 0x00007ffb3b056000 	C:\Windows\System32\RPCRT4.dll
0x00007ffb3ba60000 - 0x00007ffb3bbfe000 	C:\Windows\System32\USER32.dll
0x00007ffb39990000 - 0x00007ffb399b2000 	C:\Windows\System32\win32u.dll
0x00007ffb3a060000 - 0x00007ffb3a08c000 	C:\Windows\System32\GDI32.dll
0x00007ffb39870000 - 0x00007ffb3998a000 	C:\Windows\System32\gdi32full.dll
0x00007ffb39a10000 - 0x00007ffb39aad000 	C:\Windows\System32\msvcp_win.dll
0x00007ffb1dd90000 - 0x00007ffb1e02a000 	C:\Windows\WinSxS\amd64_microsoft.windows.common-controls_6595b64144ccf1df_6.0.19041.1110_none_60b5254171f9507e\COMCTL32.dll
0x00007ffb2c220000 - 0x00007ffb2c22a000 	C:\Windows\SYSTEM32\VERSION.dll
0x00007ffb3a2a0000 - 0x00007ffb3a2d0000 	C:\Windows\System32\IMM32.DLL
0x00007ffb324e0000 - 0x00007ffb324ec000 	C:\Program Files\Java\jdk-17\bin\vcruntime140_1.dll
0x00007ffb1cad0000 - 0x00007ffb1cb5e000 	C:\Program Files\Java\jdk-17\bin\msvcp140.dll
0x00007ffaf1280000 - 0x00007ffaf1e5e000 	C:\Program Files\Java\jdk-17\bin\server\jvm.dll
0x00007ffb3aec0000 - 0x00007ffb3aec8000 	C:\Windows\System32\PSAPI.DLL
0x00007ffb2cc90000 - 0x00007ffb2cc99000 	C:\Windows\SYSTEM32\WSOCK32.dll
0x00007ffb3b4e0000 - 0x00007ffb3b54b000 	C:\Windows\System32\WS2_32.dll
0x00007ffb1dbe0000 - 0x00007ffb1dc07000 	C:\Windows\SYSTEM32\WINMM.dll
0x00007ffb37f40000 - 0x00007ffb37f52000 	C:\Windows\SYSTEM32\kernel.appcore.dll
0x00007ffb2c1d0000 - 0x00007ffb2c1da000 	C:\Program Files\Java\jdk-17\bin\jimage.dll
0x00007ffb378d0000 - 0x00007ffb37ab4000 	C:\Windows\SYSTEM32\DBGHELP.DLL
0x00007ffb224b0000 - 0x00007ffb224e4000 	C:\Windows\SYSTEM32\dbgcore.DLL
0x00007ffb397e0000 - 0x00007ffb39862000 	C:\Windows\System32\bcryptPrimitives.dll
0x00007ffb29680000 - 0x00007ffb296a5000 	C:\Program Files\Java\jdk-17\bin\java.dll

dbghelp: loaded successfully - version: 4.0.5 - missing functions: none
symbol engine: initialized successfully - sym options: 0x614 - pdb path: .;C:\Program Files\Java\jdk-17\bin;C:\Windows\SYSTEM32;C:\Windows\WinSxS\amd64_microsoft.windows.common-controls_6595b64144ccf1df_6.0.19041.1110_none_60b5254171f9507e;C:\Program Files\Java\jdk-17\bin\server

VM Arguments:
jvm_args: -Dfile.encoding=UTF-8 --module-path=C:\Users\matts\OneDrive\Documentos\Meus estudos\Faculdade\4° Período\Algoritmo e Estrutura de Dados 2\1° Unidade\Pratica\ArvoreAVL\bin -XX:+ShowCodeDetailsInExceptionMessages -Djdk.module.main=ArvoreAVL 
java_command: ArvoreAVL/testes.TesteIterativo
java_class_path (initial): <not set>
Launcher Type: SUN_STANDARD

[Global flags]
     intx CICompilerCount                          = 2                                         {product} {ergonomic}
     uint ConcGCThreads                            = 1                                         {product} {ergonomic}
     uint G1ConcRefinementThreads                  = 2                                         {product} {ergonomic}
   size_t G1HeapRegionSize                         = 1048576                                   {product} {ergonomic}
    uintx GCDrainStackTargetSize                   = 64                                        {product} {ergonomic}
   size_t InitialHeapSize                          = 65011712                                  {product} {ergonomic}
   size_t MarkStackSize                            = 4194304                                   {product} {ergonomic}
   size_t MaxHeapSize                              = 1033895936                                {product} {ergonomic}
   size_t MinHeapDeltaBytes                        = 1048576                                   {product} {ergonomic}
   size_t MinHeapSize                              = 8388608                                   {product} {ergonomic}
    uintx NonNMethodCodeHeapSize                   = 5826188                                {pd product} {ergonomic}
    uintx NonProfiledCodeHeapSize                  = 122916026                              {pd product} {ergonomic}
    uintx ProfiledCodeHeapSize                     = 122916026                              {pd product} {ergonomic}
    uintx ReservedCodeCacheSize                    = 251658240                              {pd product} {ergonomic}
     bool SegmentedCodeCache                       = true                                      {product} {ergonomic}
     bool ShowCodeDetailsInExceptionMessages       = true                                   {manageable} {command line}
   size_t SoftMaxHeapSize                          = 1033895936                             {manageable} {ergonomic}
     bool UseCompressedClassPointers               = true                           {product lp64_product} {ergonomic}
     bool UseCompressedOops                        = true                           {product lp64_product} {ergonomic}
     bool UseG1GC                                  = true                                      {product} {ergonomic}
     bool UseLargePagesIndividualAllocation        = false                                  {pd product} {ergonomic}

Logging:
Log output configuration:
 #0: stdout all=warning uptime,level,tags
 #1: stderr all=off uptime,level,tags

Environment Variables:
PATH=C:\Program Files\Common Files\Oracle\Java\javapath;C:\Program Files (x86)\Common Files\Oracle\Java\javapath;C:\Windows\system32;C:\Windows;C:\Windows\System32\Wbem;C:\Windows\System32\WindowsPowerShell\v1.0\;C:\Windows\System32\OpenSSH\;C:\Program Files\Git\cmd;C:\Program Files\nodejs\;C:\Users\matts\AppData\Local\Microsoft\WindowsApps;;C:\Users\matts\AppData\Local\Programs\Microsoft VS Code\bin;C:\Program Files\JetBrains\IntelliJ IDEA Community Edition 2023.1.3\bin;;C:\Users\matts\AppData\Roaming\npm
USERNAME=matts
OS=Windows_NT
PROCESSOR_IDENTIFIER=Intel64 Family 6 Model 142 Stepping 11, GenuineIntel



---------------  S Y S T E M  ---------------

OS:
 Windows 10 , 64 bit Build 19041 (10.0.19041.3393)
OS uptime: 1 days 2:15 hours

CPU: total 2 (initial active 2) (2 cores per cpu, 1 threads per core) family 6 model 142 stepping 11 microcode 0xea, cx8, cmov, fxsr, mmx, 3dnowpref, sse, sse2, sse3, ssse3, sse4.1, sse4.2, popcnt, lzcnt, tsc, tscinvbit, aes, erms, clmul, clflush, clflushopt

Memory: 4k page, system-wide physical 3942M (358M free)
TotalPageFile size 7833M (AvailPageFile size 58M)
current process WorkingSet (physical memory assigned to process): 10M, peak: 10M
current process commit charge ("private bytes"): 47M, peak: 109M

vm_info: Java HotSpot(TM) 64-Bit Server VM (17.0.8+9-LTS-211) for windows-amd64 JRE (17.0.8+9-LTS-211), built on Jun 14 2023 10:34:31 by "mach5one" with MS VC++ 17.1 (VS2022)

END.
